Log file open, 03/14/19 15:50:15
LogInit:Display: Running engine for game: Mechanics
LogPlatformFile: Not using cached read wrapper
LogInit:Display: RandInit(1938272146) SRandInit(1938272146).
LogTaskGraph: Started task graph with 5 named threads and 8 total threads with 1 sets of task threads.
LogStats: Stats thread started at 0.112497
LogPluginManager: Loaded Plugin Paper2D, From C:/Program Files/Epic Games/UE_4.14/Engine/Plugins/2D/Paper2D/Paper2D.uplugin
LogPluginManager: Loaded Plugin LightPropagationVolume, From C:/Program Files/Epic Games/UE_4.14/Engine/Plugins/Blendables/LightPropagationVolume/LightPropagationVolume.uplugin
LogPluginManager: Loaded Plugin BlankPlugin, From C:/Program Files/Epic Games/UE_4.14/Engine/Plugins/Developer/BlankPlugin/BlankPlugin.uplugin
LogPluginManager: Loaded Plugin CodeLiteSourceCodeAccess, From C:/Program Files/Epic Games/UE_4.14/Engine/Plugins/Developer/CodeLiteSourceCodeAccess/CodeLiteSourceCodeAccess.uplugin
LogPluginManager: Loaded Plugin GitSourceControl, From C:/Program Files/Epic Games/UE_4.14/Engine/Plugins/Developer/GitSourceControl/GitSourceControl.uplugin
LogPluginManager: Loaded Plugin KDevelopSourceCodeAccess, From C:/Program Files/Epic Games/UE_4.14/Engine/Plugins/Developer/KDevelopSourceCodeAccess/KDevelopSourceCodeAccess.uplugin
LogPluginManager: Loaded Plugin NullSourceCodeAccess, From C:/Program Files/Epic Games/UE_4.14/Engine/Plugins/Developer/NullSourceCodeAccess/NullSourceCodeAccess.uplugin
LogPluginManager: Loaded Plugin OneSkyLocalizationService, From C:/Program Files/Epic Games/UE_4.14/Engine/Plugins/Developer/OneSkyLocalizationService/OneSkyLocalizationService.uplugin
LogPluginManager: Loaded Plugin PerforceSourceControl, From C:/Program Files/Epic Games/UE_4.14/Engine/Plugins/Developer/PerforceSourceControl/PerforceSourceControl.uplugin
LogPluginManager: Loaded Plugin SubversionSourceControl, From C:/Program Files/Epic Games/UE_4.14/Engine/Plugins/Developer/SubversionSourceControl/SubversionSourceControl.uplugin
LogPluginManager: Loaded Plugin UObjectPlugin, From C:/Program Files/Epic Games/UE_4.14/Engine/Plugins/Developer/UObjectPlugin/UObjectPlugin.uplugin
LogPluginManager: Loaded Plugin VisualStudioSourceCodeAccess, From C:/Program Files/Epic Games/UE_4.14/Engine/Plugins/Developer/VisualStudioSourceCodeAccess/VisualStudioSourceCodeAccess.uplugin
LogPluginManager: Loaded Plugin XCodeSourceCodeAccess, From C:/Program Files/Epic Games/UE_4.14/Engine/Plugins/Developer/XCodeSourceCodeAccess/XCodeSourceCodeAccess.uplugin
LogPluginManager: Loaded Plugin AudioCapture, From C:/Program Files/Epic Games/UE_4.14/Engine/Plugins/Editor/AudioCapture/AudioCapture.uplugin
LogPluginManager: Loaded Plugin EpicSurvey, From C:/Program Files/Epic Games/UE_4.14/Engine/Plugins/Editor/EpicSurvey/EpicSurvey.uplugin
LogPluginManager: Loaded Plugin MacGraphicsSwitching, From C:/Program Files/Epic Games/UE_4.14/Engine/Plugins/Editor/MacGraphicsSwitching/MacGraphicsSwitching.uplugin
LogPluginManager: Loaded Plugin MobileLauncherProfileWizard, From C:/Program Files/Epic Games/UE_4.14/Engine/Plugins/Editor/MobileLauncherProfileWizard/MobileLauncherProfileWizard.uplugin
LogPluginManager: Loaded Plugin PluginBrowser, From C:/Program Files/Epic Games/UE_4.14/Engine/Plugins/Editor/PluginBrowser/PluginBrowser.uplugin
LogPluginManager: Loaded Plugin SpeedTreeImporter, From C:/Program Files/Epic Games/UE_4.14/Engine/Plugins/Editor/SpeedTreeImporter/SpeedTreeImporter.uplugin
LogPluginManager: Loaded Plugin SuperSearchEditor, From C:/Program Files/Epic Games/UE_4.14/Engine/Plugins/Editor/SuperSearchEditor/SuperSearchEditor.uplugin
LogPluginManager: Loaded Plugin AlembicImporter, From C:/Program Files/Epic Games/UE_4.14/Engine/Plugins/Experimental/AlembicImporter/AlembicImporter.uplugin
LogPluginManager: Loaded Plugin BlueprintStats, From C:/Program Files/Epic Games/UE_4.14/Engine/Plugins/Experimental/BlueprintStats/BlueprintStats.uplugin
LogPluginManager: Loaded Plugin CharacterAI, From C:/Program Files/Epic Games/UE_4.14/Engine/Plugins/Experimental/CharacterAI/CharacterAI.uplugin
LogPluginManager: Loaded Plugin CodeEditor, From C:/Program Files/Epic Games/UE_4.14/Engine/Plugins/Experimental/CodeEditor/CodeEditor.uplugin
LogPluginManager: Loaded Plugin CodeView, From C:/Program Files/Epic Games/UE_4.14/Engine/Plugins/Experimental/CodeView/CodeView.uplugin
LogPluginManager: Loaded Plugin HTML5Networking, From C:/Program Files/Epic Games/UE_4.14/Engine/Plugins/Experimental/HTML5Networking/HTML5Networking.uplugin
LogPluginManager: Loaded Plugin OSVR, From C:/Program Files/Epic Games/UE_4.14/Engine/Plugins/Experimental/OSVR/OSVR.uplugin
LogPluginManager: Loaded Plugin Phya, From C:/Program Files/Epic Games/UE_4.14/Engine/Plugins/Experimental/Phya/Phya.uplugin
LogPluginManager: Loaded Plugin SignificanceManager, From C:/Program Files/Epic Games/UE_4.14/Engine/Plugins/Experimental/SignificanceManager/SignificanceManager.uplugin
LogPluginManager: Loaded Plugin SimpleHMD, From C:/Program Files/Epic Games/UE_4.14/Engine/Plugins/Experimental/SimpleHMD/SimpleHMD.uplugin
LogPluginManager: Loaded Plugin StereoPanorama, From C:/Program Files/Epic Games/UE_4.14/Engine/Plugins/Experimental/StereoPanorama/StereoPanorama.uplugin
LogPluginManager: Loaded Plugin StructBox, From C:/Program Files/Epic Games/UE_4.14/Engine/Plugins/Experimental/StructBox/StructBox.uplugin
LogPluginManager: Loaded Plugin Substance, From C:/Program Files/Epic Games/UE_4.14/Engine/Plugins/Marketplace/Substance/Substance.uplugin
LogPluginManager: Loaded Plugin AndroidMedia, From C:/Program Files/Epic Games/UE_4.14/Engine/Plugins/Media/AndroidMedia/AndroidMedia.uplugin
LogPluginManager: Loaded Plugin AvfMedia, From C:/Program Files/Epic Games/UE_4.14/Engine/Plugins/Media/AvfMedia/AvfMedia.uplugin
LogPluginManager: Loaded Plugin MediaPlayerEditor, From C:/Program Files/Epic Games/UE_4.14/Engine/Plugins/Media/MediaPlayerEditor/MediaPlayerEditor.uplugin
LogPluginManager: Loaded Plugin WmfMedia, From C:/Program Files/Epic Games/UE_4.14/Engine/Plugins/Media/WmfMedia/WmfMedia.uplugin
LogPluginManager: Loaded Plugin MessagingDebugger, From C:/Program Files/Epic Games/UE_4.14/Engine/Plugins/Messaging/MessagingDebugger/MessagingDebugger.uplugin
LogPluginManager: Loaded Plugin TcpMessaging, From C:/Program Files/Epic Games/UE_4.14/Engine/Plugins/Messaging/TcpMessaging/TcpMessaging.uplugin
LogPluginManager: Loaded Plugin UdpMessaging, From C:/Program Files/Epic Games/UE_4.14/Engine/Plugins/Messaging/UdpMessaging/UdpMessaging.uplugin
LogPluginManager: Loaded Plugin LevelSequenceEditor, From C:/Program Files/Epic Games/UE_4.14/Engine/Plugins/MovieScene/LevelSequenceEditor/LevelSequenceEditor.uplugin
LogPluginManager: Loaded Plugin MatineeToLevelSequence, From C:/Program Files/Epic Games/UE_4.14/Engine/Plugins/MovieScene/MatineeToLevelSequence/MatineeToLevelSequence.uplugin
LogPluginManager: Loaded Plugin NetcodeUnitTest, From C:/Program Files/Epic Games/UE_4.14/Engine/Plugins/NetcodeUnitTest/NetcodeUnitTest/NetcodeUnitTest.uplugin
LogPluginManager: Loaded Plugin NUTUnrealEngine4, From C:/Program Files/Epic Games/UE_4.14/Engine/Plugins/NetcodeUnitTest/NUTUnrealEngine4/NUTUnrealEngine4.uplugin
LogPluginManager: Loaded Plugin OnlineSubsystemGameCircle, From C:/Program Files/Epic Games/UE_4.14/Engine/Plugins/Online/Android/OnlineSubsystemGameCircle/OnlineSubsystemGameCircle.uplugin
LogPluginManager: Loaded Plugin OnlineSubsystemGooglePlay, From C:/Program Files/Epic Games/UE_4.14/Engine/Plugins/Online/Android/OnlineSubsystemGooglePlay/OnlineSubsystemGooglePlay.uplugin
LogPluginManager: Loaded Plugin OnlineSubsystemIOS, From C:/Program Files/Epic Games/UE_4.14/Engine/Plugins/Online/IOS/OnlineSubsystemIOS/OnlineSubsystemIOS.uplugin
LogPluginManager: Loaded Plugin OnlineFramework, From C:/Program Files/Epic Games/UE_4.14/Engine/Plugins/Online/OnlineFramework/OnlineFramework.uplugin
LogPluginManager: Loaded Plugin OnlineSubsystem, From C:/Program Files/Epic Games/UE_4.14/Engine/Plugins/Online/OnlineSubsystem/OnlineSubsystem.uplugin
LogPluginManager: Loaded Plugin OnlineSubsystemAmazon, From C:/Program Files/Epic Games/UE_4.14/Engine/Plugins/Online/OnlineSubsystemAmazon/OnlineSubsystemAmazon.uplugin
LogPluginManager: Loaded Plugin OnlineSubsystemFacebook, From C:/Program Files/Epic Games/UE_4.14/Engine/Plugins/Online/OnlineSubsystemFacebook/OnlineSubsystemFacebook.uplugin
LogPluginManager: Loaded Plugin OnlineSubsystemNull, From C:/Program Files/Epic Games/UE_4.14/Engine/Plugins/Online/OnlineSubsystemNull/OnlineSubsystemNull.uplugin
LogPluginManager: Loaded Plugin OnlineSubsystemOculus, From C:/Program Files/Epic Games/UE_4.14/Engine/Plugins/Online/OnlineSubsystemOculus/OnlineSubsystemOculus.uplugin
LogPluginManager: Loaded Plugin OnlineSubsystemSteam, From C:/Program Files/Epic Games/UE_4.14/Engine/Plugins/Online/OnlineSubsystemSteam/OnlineSubsystemSteam.uplugin
LogPluginManager: Loaded Plugin OnlineSubsystemUtils, From C:/Program Files/Epic Games/UE_4.14/Engine/Plugins/Online/OnlineSubsystemUtils/OnlineSubsystemUtils.uplugin
LogPluginManager: Loaded Plugin IOSTapJoy, From C:/Program Files/Epic Games/UE_4.14/Engine/Plugins/Runtime/Advertising/IOSTapJoy/IOSTapJoy.uplugin
LogPluginManager: Loaded Plugin AnalyticsBlueprintLibrary, From C:/Program Files/Epic Games/UE_4.14/Engine/Plugins/Runtime/Analytics/AnalyticsBlueprintLibrary/AnalyticsBlueprintLibrary.uplugin
LogPluginManager: Loaded Plugin AnalyticsMulticast, From C:/Program Files/Epic Games/UE_4.14/Engine/Plugins/Runtime/Analytics/AnalyticsMulticast/AnalyticsMulticast.uplugin
LogPluginManager: Loaded Plugin Apsalar, From C:/Program Files/Epic Games/UE_4.14/Engine/Plugins/Runtime/Analytics/Apsalar/Apsalar.uplugin
LogPluginManager: Loaded Plugin FileLogging, From C:/Program Files/Epic Games/UE_4.14/Engine/Plugins/Runtime/Analytics/FileLogging/FileLogging.uplugin
LogPluginManager: Loaded Plugin Flurry, From C:/Program Files/Epic Games/UE_4.14/Engine/Plugins/Runtime/Analytics/Flurry/Flurry.uplugin
LogPluginManager: Loaded Plugin AndroidDeviceProfileSelector, From C:/Program Files/Epic Games/UE_4.14/Engine/Plugins/Runtime/AndroidDeviceProfileSelector/AndroidDeviceProfileSelector.uplugin
LogPluginManager: Loaded Plugin AndroidMoviePlayer, From C:/Program Files/Epic Games/UE_4.14/Engine/Plugins/Runtime/AndroidMoviePlayer/AndroidMoviePlayer.uplugin
LogPluginManager: Loaded Plugin AppleMoviePlayer, From C:/Program Files/Epic Games/UE_4.14/Engine/Plugins/Runtime/AppleMoviePlayer/AppleMoviePlayer.uplugin
LogPluginManager: Loaded Plugin ArchVisCharacter, From C:/Program Files/Epic Games/UE_4.14/Engine/Plugins/Runtime/ArchVisCharacter/ArchVisCharacter.uplugin
LogPluginManager: Loaded Plugin CableComponent, From C:/Program Files/Epic Games/UE_4.14/Engine/Plugins/Runtime/CableComponent/CableComponent.uplugin
LogPluginManager: Loaded Plugin CustomMeshComponent, From C:/Program Files/Epic Games/UE_4.14/Engine/Plugins/Runtime/CustomMeshComponent/CustomMeshComponent.uplugin
LogPluginManager: Loaded Plugin ExampleDeviceProfileSelector, From C:/Program Files/Epic Games/UE_4.14/Engine/Plugins/Runtime/ExampleDeviceProfileSelector/ExampleDeviceProfileSelector.uplugin
LogPluginManager: Loaded Plugin GearVR, From C:/Program Files/Epic Games/UE_4.14/Engine/Plugins/Runtime/GearVR/GearVR.uplugin
LogPluginManager: Loaded Plugin GoogleVRController, From C:/Program Files/Epic Games/UE_4.14/Engine/Plugins/Runtime/GoogleVR/GoogleVRController/GoogleVRController.uplugin
LogPluginManager: Loaded Plugin GoogleVRHMD, From C:/Program Files/Epic Games/UE_4.14/Engine/Plugins/Runtime/GoogleVR/GoogleVRHMD/GoogleVRHMD.uplugin
LogPluginManager: Loaded Plugin IOSDeviceProfileSelector, From C:/Program Files/Epic Games/UE_4.14/Engine/Plugins/Runtime/IOSDeviceProfileSelector/IOSDeviceProfileSelector.uplugin
LogPluginManager: Loaded Plugin LeapMotion, From C:/Program Files/Epic Games/UE_4.14/Engine/Plugins/Runtime/LeapMotion/LeapMotion.uplugin
LogPluginManager: Loaded Plugin LinuxDeviceProfileSelector, From C:/Program Files/Epic Games/UE_4.14/Engine/Plugins/Runtime/LinuxDeviceProfileSelector/LinuxDeviceProfileSelector.uplugin
LogPluginManager: Loaded Plugin MIDIDevice, From C:/Program Files/Epic Games/UE_4.14/Engine/Plugins/Runtime/MIDIDevice/MIDIDevice.uplugin
LogPluginManager: Loaded Plugin MobilePatchingUtils, From C:/Program Files/Epic Games/UE_4.14/Engine/Plugins/Runtime/MobilePatchingUtils/MobilePatchingUtils.uplugin
LogPluginManager: Loaded Plugin Ansel, From C:/Program Files/Epic Games/UE_4.14/Engine/Plugins/Runtime/Nvidia/Ansel/Ansel.uplugin
LogPluginManager: Loaded Plugin OculusAudio, From C:/Program Files/Epic Games/UE_4.14/Engine/Plugins/Runtime/OculusAudio/OculusAudio.uplugin
LogPluginManager: Loaded Plugin OculusInput, From C:/Program Files/Epic Games/UE_4.14/Engine/Plugins/Runtime/OculusInput/OculusInput.uplugin
LogPluginManager: Loaded Plugin OculusLibrary, From C:/Program Files/Epic Games/UE_4.14/Engine/Plugins/Runtime/OculusLibrary/OculusLibrary.uplugin
LogPluginManager: Loaded Plugin OculusRift, From C:/Program Files/Epic Games/UE_4.14/Engine/Plugins/Runtime/OculusRift/OculusRift.uplugin
LogPluginManager: Loaded Plugin Oodle, From C:/Program Files/Epic Games/UE_4.14/Engine/Plugins/Runtime/PacketHandlers/CompressionComponents/Oodle/Oodle.uplugin
LogPluginManager: Loaded Plugin ProceduralMeshComponent, From C:/Program Files/Epic Games/UE_4.14/Engine/Plugins/Runtime/ProceduralMeshComponent/ProceduralMeshComponent.uplugin
LogPluginManager: Loaded Plugin SoundMod, From C:/Program Files/Epic Games/UE_4.14/Engine/Plugins/Runtime/SoundMod/SoundMod.uplugin
LogPluginManager: Loaded Plugin SoundVisualizations, From C:/Program Files/Epic Games/UE_4.14/Engine/Plugins/Runtime/SoundVisualizations/SoundVisualizations.uplugin
LogPluginManager: Loaded Plugin SteamController, From C:/Program Files/Epic Games/UE_4.14/Engine/Plugins/Runtime/Steam/SteamController/SteamController.uplugin
LogPluginManager: Loaded Plugin SteamVR, From C:/Program Files/Epic Games/UE_4.14/Engine/Plugins/Runtime/Steam/SteamVR/SteamVR.uplugin
LogPluginManager: Loaded Plugin WebBrowserWidget, From C:/Program Files/Epic Games/UE_4.14/Engine/Plugins/Runtime/WebBrowserWidget/WebBrowserWidget.uplugin
LogPluginManager: Loaded Plugin WindowsDeviceProfileSelector, From C:/Program Files/Epic Games/UE_4.14/Engine/Plugins/Runtime/WindowsDeviceProfileSelector/WindowsDeviceProfileSelector.uplugin
LogPluginManager: Loaded Plugin WindowsMoviePlayer, From C:/Program Files/Epic Games/UE_4.14/Engine/Plugins/Runtime/WindowsMoviePlayer/WindowsMoviePlayer.uplugin
LogPluginManager: Loaded Plugin ScriptPlugin, From C:/Program Files/Epic Games/UE_4.14/Engine/Plugins/ScriptPlugin/ScriptPlugin.uplugin
LogPluginManager: Loaded Plugin SlateRemote, From C:/Program Files/Epic Games/UE_4.14/Engine/Plugins/Slate/SlateRemote/SlateRemote.uplugin
LogPluginManager: Loaded Plugin EditorTests, From C:/Program Files/Epic Games/UE_4.14/Engine/Plugins/Tests/EditorTests/EditorTests.uplugin
LogPluginManager: Loaded Plugin FbxAutomationTestBuilder, From C:/Program Files/Epic Games/UE_4.14/Engine/Plugins/Tests/FbxAutomationTestBuilder/FbxAutomationTestBuilder.uplugin
LogPluginManager: Loaded Plugin FunctionalTestingEditor, From C:/Program Files/Epic Games/UE_4.14/Engine/Plugins/Tests/FunctionalTestingEditor/FunctionalTestingEditor.uplugin
LogPluginManager: Loaded Plugin RuntimeTests, From C:/Program Files/Epic Games/UE_4.14/Engine/Plugins/Tests/RuntimeTests/RuntimeTests.uplugin
LogPluginManager: Loaded Plugin ScreenshotTools, From C:/Program Files/Epic Games/UE_4.14/Engine/Plugins/Tests/ScreenshotTools/ScreenshotTools.uplugin
LogInit: Using libcurl 7.47.1
LogInit:  - built for x86_64-pc-win32
LogInit:  - supports SSL with OpenSSL/1.0.2g
LogInit:  - supports HTTP deflate (compression) using libz 1.2.8
LogInit:  - other features:
LogInit:      CURL_VERSION_SSL
LogInit:      CURL_VERSION_LIBZ
LogInit:      CURL_VERSION_IPV6
LogInit:      CURL_VERSION_ASYNCHDNS
LogInit:      CURL_VERSION_LARGEFILE
LogInit:      CURL_VERSION_IDN
LogInit:  CurlRequestOptions (configurable via config and command line):
LogInit:  - bVerifyPeer = false  - Libcurl will NOT verify peer certificate
LogInit:  - bUseHttpProxy = false  - Libcurl will NOT use HTTP proxy
LogInit:  - bDontReuseConnections = false  - Libcurl will reuse connections
LogInit:  - CertBundlePath = nullptr  - Libcurl will use whatever was configured at build time.
LogInit: Build: ++UE4+Release-4.14-CL-3249277
LogInit: Engine Version: 4.14.3-3249277+++UE4+Release-4.14
LogInit: Compatible Engine Version: 4.14.0-3195953+++UE4+Release-4.14
LogInit: Net CL: 3195953
LogDevObjectVersion: Number of dev versions registered: 13
LogDevObjectVersion:   Dev-Blueprints (B0D832E4-1F89-4F0D-ACCF-7EB736FD4AA2): 7
LogDevObjectVersion:   Dev-Build (E1C64328-A22C-4D53-A36C-8E866417BD8C): 0
LogDevObjectVersion:   Dev-Core (375EC13C-06E4-48FB-B500-84F0262A717E): 1
LogDevObjectVersion:   Dev-Editor (E4B068ED-F494-42E9-A231-DA0B2E46BB41): 8
LogDevObjectVersion:   Dev-Framework (CFFC743F-43B0-4480-9391-14DF171D2073): 17
LogDevObjectVersion:   Dev-Mobile (B02B49B5-BB20-44E9-A304-32B752E40360): 0
LogDevObjectVersion:   Dev-Networking (A4E4105C-59A1-49B5-A7C5-40C4547EDFEE): 0
LogDevObjectVersion:   Dev-Online (39C831C9-5AE6-47DC-9A44-9C173E1C8E7C): 0
LogDevObjectVersion:   Dev-Physics (78F01B33-EBEA-4F98-B9B4-84EACCB95AA2): 0
LogDevObjectVersion:   Dev-Platform (6631380F-2D4D-43E0-8009-CF276956A95A): 0
LogDevObjectVersion:   Dev-Rendering (12F88B9F-8875-4AFC-A67C-D90C383ABD29): 12
LogDevObjectVersion:   Dev-Sequencer (7B5AE74C-D270-4C10-A958-57980B212A5A): 1
LogDevObjectVersion:   Dev-VR (D7296918-1DD6-4BDD-9DE2-64A83CC13884): 0
LogInit: Compiled (64-bit): Jan  6 2017 10:49:43
LogInit: Compiled with Visual C++: 19.00.23026.00
LogInit: Build Configuration: Development
LogInit: Branch Name: ++UE4+Release-4.14
LogInit: Command line:  
LogInit: Base directory: C:/Program Files/Epic Games/UE_4.14/Engine/Binaries/Win64/
LogInit: Installed Engine Build: 1
LogInit: Presizing for max 8388607 objects, including 0 objects not considered by GC, pre-allocating 0 bytes for permanent pool.
LogInit: Object subsystem initialized
[2019.03.14-22.50.16:502][  0]LogInit: Selected Device Profile: [Windows]
[2019.03.14-22.50.16:502][  0]LogInit: Applying CVar settings loaded from the selected device profile: [Windows]
[2019.03.14-22.50.16:516][  0]LogInit: Computer: DESKTOP-GRLA087
[2019.03.14-22.50.16:516][  0]LogInit: User: zaid2
[2019.03.14-22.50.16:516][  0]LogInit: CPU Page size=65536, Cores=4
[2019.03.14-22.50.16:516][  0]LogInit: High frequency timer resolution =2.531250 MHz
[2019.03.14-22.50.16:516][  0]LogMemory: Memory total: Physical=15.9GB (16GB approx)
[2019.03.14-22.50.16:516][  0]LogMemory: Platform Memory Stats for Windows
[2019.03.14-22.50.16:516][  0]LogMemory: Process Physical Memory: 267.50 MB used, 267.50 MB peak
[2019.03.14-22.50.16:516][  0]LogMemory: Process Virtual Memory: 262.96 MB used, 262.96 MB peak
[2019.03.14-22.50.16:516][  0]LogMemory: Physical Memory: 6916.01 MB used,  9336.04 MB free, 16252.05 MB total
[2019.03.14-22.50.16:516][  0]LogMemory: Virtual Memory: 4798.95 MB used,  9336.04 MB free, 134217728.00 MB total
[2019.03.14-22.50.16:558][  0]LogTextLocalizationManager: No specific translations for ('en-CA') exist, so ('en') translations will be used.
[2019.03.14-22.50.17:734][  0]LogD3D11RHI: D3D11 adapters:
[2019.03.14-22.50.17:826][  0]LogD3D11RHI:    0. 'NVIDIA GeForce GTX 960M' (Feature Level 11_0)
[2019.03.14-22.50.17:826][  0]LogD3D11RHI:       4055/0/8126 MB DedicatedVideo/DedicatedSystem/SharedSystem, Outputs:2, VendorId:0x10de
[2019.03.14-22.50.17:845][  0]LogD3D11RHI:    1. 'Intel(R) HD Graphics 530' (Feature Level 11_0)
[2019.03.14-22.50.17:845][  0]LogD3D11RHI:       128/0/8126 MB DedicatedVideo/DedicatedSystem/SharedSystem, Outputs:0, VendorId:0x8086
[2019.03.14-22.50.17:848][  0]LogD3D11RHI:    2. 'Microsoft Basic Render Driver' (Feature Level 11_0)
[2019.03.14-22.50.17:848][  0]LogD3D11RHI:       0/0/8126 MB DedicatedVideo/DedicatedSystem/SharedSystem, Outputs:0, VendorId:0x1414
[2019.03.14-22.50.17:848][  0]LogD3D11RHI: Chosen D3D11 Adapter: 0
[2019.03.14-22.50.17:881][  0]LogD3D11RHI: Creating new Direct3DDevice
[2019.03.14-22.50.17:881][  0]LogD3D11RHI:     GPU DeviceId: 0x139b (for the marketing name, search the web for "GPU Device Id")
[2019.03.14-22.50.17:881][  0]LogWindows: EnumDisplayDevices:
[2019.03.14-22.50.17:881][  0]LogWindows:    0. 'Intel(R) HD Graphics 530' (P:1 D:1)
[2019.03.14-22.50.17:881][  0]LogWindows:    1. 'Intel(R) HD Graphics 530' (P:0 D:1)
[2019.03.14-22.50.17:881][  0]LogWindows:    2. 'Intel(R) HD Graphics 530' (P:0 D:0)
[2019.03.14-22.50.17:882][  0]LogWindows: DebugString: GetVideoDriverDetailsInvalid PrimaryIsNotTheChoosenAdapter GetVideoDriverDetailsInvalid PrimaryIsNotTheChoosenAdapter GetVideoDriverDetailsInvalid PrimaryIsNotTheChoosenAdapter FoundDriverCount:0 
[2019.03.14-22.50.17:882][  0]LogD3D11RHI:     Adapter Name: NVIDIA GeForce GTX 960M
[2019.03.14-22.50.17:882][  0]LogD3D11RHI:   Driver Version: Unknown (internal:Unknown, unified:Unknown)
[2019.03.14-22.50.17:882][  0]LogD3D11RHI:      Driver Date: Unknown
[2019.03.14-22.50.17:882][  0]LogRHI: Texture pool is 1361 MB (70% of 1945 MB)
[2019.03.14-22.50.17:920][  0]LogD3D11RHI: Async texture creation enabled
[2019.03.14-22.50.17:940][  0]LogD3D11RHI: GPU Timing Frequency: 1000.000000 (Debug: 2 2)
[2019.03.14-22.50.17:940][  0]LogShaderCompilers: Guid format shader working directory is -29 characters bigger than the processId version (../../../../../../Users/zaid2/OneDrive/Documents/Unreal Projects/Mechanics/Intermediate/Shaders/WorkingDirectory/23112/).
[2019.03.14-22.50.17:941][  0]LogShaderCompilers: Cleaned the shader compiler working directory 'C:/Users/zaid2/AppData/Local/Temp/UnrealShaderWorkingDir/09002BD5436E33BB6ADA03AA3F8C587E/'.
[2019.03.14-22.50.17:941][  0]LogShaderCompilers:Display: Using Local Shader Compiler.
[2019.03.14-22.50.20:184][  0]LogTemp:Display: Loaded TP AllDesktopTargetPlatform
[2019.03.14-22.50.20:307][  0]LogTemp:Display: Loaded TP MacClientTargetPlatform
[2019.03.14-22.50.20:421][  0]LogTemp:Display: Loaded TP MacNoEditorTargetPlatform
[2019.03.14-22.50.20:551][  0]LogTemp:Display: Loaded TP MacServerTargetPlatform
[2019.03.14-22.50.20:685][  0]LogTemp:Display: Loaded TP MacTargetPlatform
[2019.03.14-22.50.20:807][  0]LogTemp:Display: Loaded TP WindowsClientTargetPlatform
[2019.03.14-22.50.20:941][  0]LogTemp:Display: Loaded TP WindowsNoEditorTargetPlatform
[2019.03.14-22.50.21:062][  0]LogTemp:Display: Loaded TP WindowsServerTargetPlatform
[2019.03.14-22.50.21:158][  0]LogTemp:Display: Loaded TP WindowsTargetPlatform
[2019.03.14-22.50.21:272][  0]LogTemp:Display: Loaded TP AndroidTargetPlatform
[2019.03.14-22.50.21:411][  0]LogTemp:Display: Loaded TP Android_ASTCTargetPlatform
[2019.03.14-22.50.21:573][  0]LogTemp:Display: Loaded TP Android_ATCTargetPlatform
[2019.03.14-22.50.21:699][  0]LogTemp:Display: Loaded TP Android_DXTTargetPlatform
[2019.03.14-22.50.21:824][  0]LogTemp:Display: Loaded TP Android_ETC1TargetPlatform
[2019.03.14-22.50.21:941][  0]LogTemp:Display: Loaded TP Android_ETC2TargetPlatform
[2019.03.14-22.50.22:203][  0]LogTemp:Display: Loaded TP Android_MultiTargetPlatform
[2019.03.14-22.50.22:203][  0]LogTemp:Display: Loaded TP Android_PVRTCTargetPlatform
[2019.03.14-22.50.22:293][  0]LogTemp:Display: Loaded TP HTML5TargetPlatform
[2019.03.14-22.50.22:497][  0]LogTemp:Display: Loaded TP IOSTargetPlatform
[2019.03.14-22.50.22:563][  0]LogTemp:Display: Loaded TP TVOSTargetPlatform
[2019.03.14-22.50.22:689][  0]LogTemp:Display: Loaded TP LinuxClientTargetPlatform
[2019.03.14-22.50.22:811][  0]LogTemp:Display: Loaded TP LinuxNoEditorTargetPlatform
[2019.03.14-22.50.22:941][  0]LogTemp:Display: Loaded TP LinuxServerTargetPlatform
[2019.03.14-22.50.23:059][  0]LogTemp:Display: Loaded TP LinuxTargetPlatform
[2019.03.14-22.50.23:059][  0]LogTargetPlatformManager:Display: Building Assets For Windows
[2019.03.14-22.50.24:002][  0]LogDerivedDataCache:Display: Max Cache Size: 512 MB
[2019.03.14-22.50.24:547][  0]LogDerivedDataCache: Loaded boot cache 0.54s 50MB C:/Users/zaid2/AppData/Local/UnrealEngine/4.14/DerivedDataCache/Boot.ddc.
[2019.03.14-22.50.24:547][  0]LogDerivedDataCache:Display: Loaded Boot cache: C:/Users/zaid2/AppData/Local/UnrealEngine/4.14/DerivedDataCache/Boot.ddc
[2019.03.14-22.50.24:547][  0]LogDerivedDataCache: FDerivedDataBackendGraph:  Pak pak cache file ../../../../../../Users/zaid2/OneDrive/Documents/Unreal Projects/Mechanics/DerivedDataCache/DDC.ddp not found, will not use a pak cache.
[2019.03.14-22.50.24:547][  0]LogDerivedDataCache: Unable to find inner node Pak for hierarchical cache Hierarchy.
[2019.03.14-22.50.24:547][  0]LogDerivedDataCache: FDerivedDataBackendGraph:  CompressedPak pak cache file ../../../../../../Users/zaid2/OneDrive/Documents/Unreal Projects/Mechanics/DerivedDataCache/Compressed.ddp not found, will not use a pak cache.
[2019.03.14-22.50.24:547][  0]LogDerivedDataCache: Unable to find inner node CompressedPak for hierarchical cache Hierarchy.
[2019.03.14-22.50.24:569][  0]LogDerivedDataCache:Display: Pak cache opened for reading ../../../Engine/DerivedDataCache/Compressed.ddp.
[2019.03.14-22.50.24:583][  0]LogDerivedDataCache: Using Local data cache path C:/Users/zaid2/AppData/Local/UnrealEngine/Common/DerivedDataCache: Writable
[2019.03.14-22.50.24:935][  0]LogInit: Selected Device Profile: [Windows]
[2019.03.14-22.50.24:939][  0]LogContentStreaming: Texture pool size is 0.00 MB
[2019.03.14-22.50.25:372][  0]LogMeshUtilities: Using QuadricMeshReduction for automatic static mesh reduction
[2019.03.14-22.50.25:500][  0]LogSimplygon: Simplygon DLL not present - disabling.
[2019.03.14-22.50.25:625][  0]LogMeshUtilities: Using SimplygonSwarm for distributed automatic mesh merging
[2019.03.14-22.50.25:625][  0]LogMeshUtilities: No automatic skeletal mesh reduction module available
[2019.03.14-22.50.25:625][  0]LogMeshUtilities: No automatic mesh merging module available
[2019.03.14-22.50.26:482][  0]LogNetVersion: GetLocalNetworkVersion: CL: 3195953, ProjectName: mechanics, ProjectVersion: , EngineNetworkVersion: 2, GameNetworkVersion: 0, NetworkChecksum: 2142636522
[2019.03.14-22.50.26:576][  0]LogAssetRegistry: FAssetRegistry took 0.0223 seconds to start up
[2019.03.14-22.50.26:714][  0]LogPackageLocalizationCache: Processed 3 localized package path(s) for 2 prioritized culture(s) in 0.075743 seconds
[2019.03.14-22.50.26:722][  0]LogUObjectArray: 31946 objects as part of root set at end of initial load.
[2019.03.14-22.50.26:722][  0]LogUObjectAllocator: 6935848 out of 0 bytes used by permanent object pool.
[2019.03.14-22.50.26:722][  0]LogUObjectArray: CloseDisregardForGC: 0/0 objects in disregard for GC pool
[2019.03.14-22.50.26:910][  0]LogInit: WinSock: version 1.1 (2.2), MaxSocks=32767, MaxUdp=65467
[2019.03.14-22.50.29:001][  0]LogSlate: Using Freetype 2.6.0
[2019.03.14-22.50.29:002][  0]LogSlate: SlateFontCache - WITH_FREETYPE: 1, WITH_HARFBUZZ: 1
[2019.03.14-22.50.29:002][  0]LogSlate: SlateFontCache - WITH_FREETYPE: 1, WITH_HARFBUZZ: 1
[2019.03.14-22.50.32:076][  0]LogSubstanceCoreModule: Substance [CPU] Engine Loaded, Max Texture Size = 2048
[2019.03.14-22.50.32:163][  0]LogTcpMessaging: Initializing TcpMessaging bridge
[2019.03.14-22.50.32:254][  0]LogUdpMessaging: Initializing bridge on interface 0.0.0.0:0 to multicast group 230.0.0.1:6666.
[2019.03.14-22.50.33:077][  0]LogMaterial: Uniform references updated for custom material expression Custom.
[2019.03.14-22.50.34:170][  0]SourceControl: Info Source control is disabled
[2019.03.14-22.50.34:329][  0]SourceControl: Info Source control is disabled
[2019.03.14-22.50.34:468][  0]SourceControl: Info Source control is disabled
[2019.03.14-22.50.34:610][  0]SourceControl: Info Source control is disabled
[2019.03.14-22.50.35:548][  0]LogLinker:Warning: Can't find file '/Game/FirstPersonBP/FirstPersonOverview'
[2019.03.14-22.50.35:548][  0]LogLinker:Warning: Can't find file '/Game/FirstPersonBP/FirstPersonOverview'
[2019.03.14-22.50.35:548][  0]LogUObjectGlobals:Warning: Failed to find object 'Class /Game/FirstPersonBP/FirstPersonOverview.FirstPersonOverview_C'
[2019.03.14-22.50.38:737][  0]LogEngine: Initializing Engine...
[2019.03.14-22.50.38:742][  0]LogHMD: Failed to initialize OpenVR with code 101
[2019.03.14-22.50.39:313][  0]LogAIModule: Creating AISystem for world Untitled
[2019.03.14-22.50.39:358][  0]LogInit: XAudio2 using 'Speakers / Headphones (Realtek Audio)' : 2 channels at 48 kHz using 32 bits per sample (channel mask 0x3)
[2019.03.14-22.50.39:423][  0]LogInit: FAudioDevice initialized.
[2019.03.14-22.50.39:470][  0]LogDerivedDataCache: Saved boot cache 0.05s 50MB C:/Users/zaid2/AppData/Local/UnrealEngine/4.14/DerivedDataCache/Boot.ddc.
[2019.03.14-22.50.39:485][  0]LogInit: Texture streaming: Enabled
[2019.03.14-22.50.40:047][  0]LogInit: Transaction tracking system initialized
[2019.03.14-22.50.41:105][  0]BlueprintLog: New page: Editor Load
[2019.03.14-22.50.43:963][  0]LocalizationService: Info Localization service is disabled
[2019.03.14-22.50.46:129][  0]LogConsoleResponse:Display: 
[2019.03.14-22.50.46:430][  0]LogCook:Display: Max memory allowance for cook 16384mb min free memory 0mb
[2019.03.14-22.50.46:430][  0]LogCook:Display: Mobile HDR setting 1
[2019.03.14-22.50.46:893][  0]LogFileCache: Scanning file cache for directory 'C:/Users/zaid2/OneDrive/Documents/Unreal Projects/Mechanics/Content/' took 0.02s
[2019.03.14-22.50.49:483][  0]SourceControl: Info Source control is disabled
[2019.03.14-22.51.37:763][  0]LogWindowsTextInputMethodSystem:Display: IME system now deactivated.
[2019.03.14-22.51.37:794][  0]LogWindowsTextInputMethodSystem:Display: IME system now deactivated.
[2019.03.14-22.51.41:001][  0]LogWindowsTextInputMethodSystem:Display: IME system now deactivated.
[2019.03.14-22.51.41:026][  0]LogWindowsTextInputMethodSystem:Display: IME system now deactivated.
[2019.03.14-22.51.41:028][  0]Cmd: MAP LOAD FILE="../../../../../../Users/zaid2/OneDrive/Documents/Unreal Projects/Mechanics/Content/StarterContent/Maps/Minimal_Default.umap" TEMPLATE=0 SHOWPROGRESS=1 FEATURELEVEL=3
[2019.03.14-22.51.41:028][  0]LogEditorServer:Warning: Can't find file '../../../../../../Users/zaid2/OneDrive/Documents/Unreal Projects/Mechanics/Content/StarterContent/Maps/Minimal_Default.umap'
[2019.03.14-22.51.41:028][  0]Cmd: MAP CHECKDEP NOCLEARLOG
[2019.03.14-22.51.41:169][  0]MapCheck: Info Map check complete: 0 Error(s), 0 Warning(s), took 140.49ms to complete.
[2019.03.14-22.51.41:170][  0]LogFileHelpers: Loading map 'Minimal_Default' took 0.141
[2019.03.14-22.51.41:320][  0]LogStats:Warning: MetaData mismatch. Did you assign a stat to two groups? New //STATGROUP_Threads//SplashScreenThread///Thread_40a0_0///####STATCAT_Advanced#### old //STATGROUP_Threads//SplashScreenThread///Thread_ce4_0///####STATCAT_Advanced####
[2019.03.14-22.51.41:320][  0]LogCollectionManager: Loaded 0 collections in 0.003879 seconds
[2019.03.14-22.51.41:471][  0]LogFileCache: Scanning file cache for directory 'C:/Users/zaid2/OneDrive/Documents/Unreal Projects/Mechanics/Saved/Collections/' took 0.01s
[2019.03.14-22.51.41:471][  0]LogFileCache: Scanning file cache for directory 'C:/Users/zaid2/OneDrive/Documents/Unreal Projects/Mechanics/Content/Developers/zaid2/Collections/' took 0.01s
[2019.03.14-22.51.41:471][  0]LogFileCache: Scanning file cache for directory 'C:/Users/zaid2/OneDrive/Documents/Unreal Projects/Mechanics/Content/Collections/' took 0.01s
[2019.03.14-22.51.41:471][  0]LogCollectionManager: Rebuilt the GUID cache for 0 collections in 0.000003 seconds
[2019.03.14-22.51.41:486][  0]LogContentBrowser: Native class hierarchy populated in 0.0149 seconds. Added 2204 classes and 434 folders.
[2019.03.14-22.51.41:581][  0]LogStats: UGameplayTagsManager::ConstructGameplayTagTree: Construct from data asset -  0.000 s
[2019.03.14-22.51.41:581][  0]LogStats: UGameplayTagsManager::ConstructGameplayTagTree: GameplayTagTreeChangedEvent.Broadcast -  0.000 s
[2019.03.14-22.51.41:582][  0]LogContentBrowser: Native class hierarchy updated for 'GameplayTags' in 0.0007 seconds. Added 13 classes and 0 folders.
[2019.03.14-22.51.41:725][  0]LogContentBrowser: Native class hierarchy updated for 'WidgetCarousel' in 0.0008 seconds. Added 0 classes and 0 folders.
[2019.03.14-22.51.42:250][  0]LogContentBrowser: Native class hierarchy updated for 'AddContentDialog' in 0.0012 seconds. Added 0 classes and 0 folders.
[2019.03.14-22.51.42:454][  0]LogContentBrowser: Native class hierarchy updated for 'SceneOutliner' in 0.0007 seconds. Added 1 classes and 2 folders.
[2019.03.14-22.51.42:567][  0]LogCrashTracker: Crashtracker disabled due to settings.
[2019.03.14-22.51.44:530][  0]LogSlate: Only BGRA pngs, bmps or icos are supported in by External Image Picker
[2019.03.14-22.51.44:566][  0]LogUObjectGlobals:Warning: Failed to find object 'Class None.'
[2019.03.14-22.51.44:937][  0]LogTemp:Display: Executing iPhonePackager certificates Engine -bundlename com.YourCompany.Mechanics

[2019.03.14-22.51.44:937][  0]LogTemp:Display: CWD: C:\Program Files\Epic Games\UE_4.14\Engine\Binaries\DotNet\IOS

[2019.03.14-22.51.44:937][  0]LogTemp:Display: Initial Dir: C:\Program Files\Epic Games\UE_4.14

[2019.03.14-22.51.44:937][  0]LogTemp:Display: Env CWD: C:\Program Files\Epic Games\UE_4.14\Engine\Binaries\DotNet\IOS

[2019.03.14-22.51.44:937][  0]LogTemp:Display: BranchPath = DESKTOP-GRLA087/C/Program Files/Epic Games/UE_4.14/Engine/Binaries --- GameBranchPath = DESKTOP-GRLA087/C/Program Files/Epic Games/UE_4.14/Engine/Binaries

[2019.03.14-22.51.44:937][  0]LogTemp:Display: IPP ERROR: Application exception: System.IO.DirectoryNotFoundException: Could not find a part of the path 'C:\Users\zaid2\AppData\Local\Apple Computer\MobileDevice\Provisioning Profiles'.

[2019.03.14-22.51.44:937][  0]LogTemp:Display:    at System.IO.__Error.WinIOError(Int32 errorCode, String maybeFullPath)

[2019.03.14-22.51.44:937][  0]LogTemp:Display:    at System.IO.FileSystemEnumerableIterator`1.CommonInit()

[2019.03.14-22.51.44:937][  0]LogTemp:Display:    at System.IO.FileSystemEnumerableIterator`1..ctor(String path, String originalUserPath, String searchPattern, SearchOption searchOption, SearchResultHandler`1 resultHandler, Boolean checkHost)

[2019.03.14-22.51.44:937][  0]LogTemp:Display:    at System.IO.Directory.EnumerateFiles(String path, String searchPattern)

[2019.03.14-22.51.44:937][  0]LogTemp:Display:    at iPhonePackager.CodeSignatureBuilder.FindProvisions(String CFBundleIdentifier)

[2019.03.14-22.51.44:937][  0]LogTemp:Display:    at iPhonePackager.Program.Main(String[] args)

[2019.03.14-22.51.45:031][  0]LogContentBrowser: Native class hierarchy updated for 'HierarchicalLODOutliner' in 0.0007 seconds. Added 1 classes and 2 folders.
[2019.03.14-22.51.45:032][  0]LogLoad: (Engine Initialization) Total time: 91.50 seconds
[2019.03.14-22.51.45:032][  0]LogLoad: (Engine Initialization) Total Blueprint compile time: 0.12 seconds
[2019.03.14-22.51.45:032][  0]LogExternalProfiler: Found external profiler: VSPerf
[2019.03.14-22.51.45:032][  0]LogExternalProfiler: Using external profiler: VSPerf
[2019.03.14-22.51.45:375][  0]LogOcInput: OculusInput pre-init called
[2019.03.14-22.51.45:401][  0]LogContentStreaming: Texture pool size now 1000 MB
[2019.03.14-22.51.45:662][  0]LogRenderer: Reallocating scene render targets to support 1200x468 NumSamples 1 (Frame:2).
[2019.03.14-22.51.46:098][  2]LogAssetRegistry: Asset discovery search completed in 79.5448 seconds
[2019.03.14-22.51.46:098][  2]LogCollectionManager: Rebuilt the object cache for 0 collections in 0.000001 seconds (found 0 objects)
[2019.03.14-22.51.46:098][  2]LogCollectionManager: Fixed up redirectors for 0 collections in 0.000041 seconds (updated 0 objects)
[2019.03.14-22.52.56:358][313]LogAIModule: Creating AISystem for world Minimal_Default
[2019.03.14-22.52.56:429][313]Cmd: MAP LOAD FILE="../../../../../../Users/zaid2/OneDrive/Documents/Unreal Projects/Mechanics/Content/Levels/Minimal_Default.umap" TEMPLATE=0 SHOWPROGRESS=1 FEATURELEVEL=3
[2019.03.14-22.52.56:429][313]LightingResults: New page: Lighting Build
[2019.03.14-22.52.56:516][313]LogContentBrowser: Native class hierarchy updated for 'StatsViewer' in 0.0005 seconds. Added 5 classes and 0 folders.
[2019.03.14-22.52.56:517][313]LoadErrors: New page: Loading map: Minimal_Default.umap
[2019.03.14-22.52.56:517][313]MapCheck: New page: Map Check
[2019.03.14-22.52.56:517][313]LightingResults: New page: Lighting Build
[2019.03.14-22.52.56:581][313]LogEditorServer: Finished looking for orphan Actors (0.000 secs)
[2019.03.14-22.52.56:593][313]Cmd: MAP CHECKDEP NOCLEARLOG
[2019.03.14-22.52.56:698][313]MapCheck: Info Map check complete: 0 Error(s), 0 Warning(s), took 105.04ms to complete.
[2019.03.14-22.52.56:699][313]LogFileHelpers: Loading map 'Minimal_Default' took 0.270
[2019.03.14-22.52.59:881][400]LogTemp: Repeting last play command: Selected Viewport
[2019.03.14-22.52.59:889][400]LogBlueprintUserMessages: Early PlayInEditor Detection: Level '/Game/Levels/Minimal_Default.Minimal_Default:PersistentLevel' has LevelScriptBlueprint '/Game/Levels/Minimal_Default.Minimal_Default:PersistentLevel.Minimal_Default' with GeneratedClass '/Game/Levels/Minimal_Default.Minimal_Default_C' with ClassGeneratedBy '/Game/Levels/Minimal_Default.Minimal_Default:PersistentLevel.Minimal_Default'
[2019.03.14-22.52.59:889][400]LogPlayLevel: PlayLevel: No blueprints needed recompiling
[2019.03.14-22.52.59:889][400]PIE: New page: PIE session: Minimal_Default (Mar 14, 2019, 7:52:59 AM)
[2019.03.14-22.52.59:889][400]LogPlayLevel: Creating play world package: /Game/Levels/UEDPIE_0_Minimal_Default
[2019.03.14-22.52.59:894][400]LogPlayLevel: PIE: StaticDuplicateObject took: (0.004881s)
[2019.03.14-22.52.59:895][400]LogAIModule: Creating AISystem for world Minimal_Default
[2019.03.14-22.52.59:895][400]LogPlayLevel: PIE: World Init took: (0.000827s)
[2019.03.14-22.52.59:895][400]LogPlayLevel: PIE: Created PIE world by copying editor world from /Game/Levels/Minimal_Default.Minimal_Default to /Game/Levels/UEDPIE_0_Minimal_Default.Minimal_Default (0.005940s)
[2019.03.14-22.53.00:007][400]LogInit: XAudio2 using 'Speakers / Headphones (Realtek Audio)' : 2 channels at 48 kHz using 32 bits per sample (channel mask 0x3)
[2019.03.14-22.53.00:039][400]LogInit: FAudioDevice initialized.
[2019.03.14-22.53.00:122][400]LogLoad: Game class is 'FPSGameMode_C'
[2019.03.14-22.53.00:125][400]LogWorld: Bringing World /Game/Levels/UEDPIE_0_Minimal_Default.Minimal_Default up for play (max tick rate 0) at 2019.03.14-15.53.00
[2019.03.14-22.53.00:126][400]LogWorld: Bringing up level for play took: 0.001366
[2019.03.14-22.53.00:209][400]LogContentBrowser: Native class hierarchy updated for 'MovieSceneCapture' in 0.0006 seconds. Added 11 classes and 0 folders.
[2019.03.14-22.53.00:211][400]PIE: Info Play in editor start time for /Game/Levels/UEDPIE_0_Minimal_Default 0.635
[2019.03.14-22.53.00:211][400]LogBlueprintUserMessages: Late PlayInEditor Detection: Level '/Game/Levels/Minimal_Default.Minimal_Default:PersistentLevel' has LevelScriptBlueprint '/Game/Levels/Minimal_Default.Minimal_Default:PersistentLevel.Minimal_Default' with GeneratedClass '/Game/Levels/Minimal_Default.Minimal_Default_C' with ClassGeneratedBy '/Game/Levels/Minimal_Default.Minimal_Default:PersistentLevel.Minimal_Default'
[2019.03.14-22.53.02:280][458]LogBlueprintUserMessages: Early EndPlayMap Detection: Level '/Game/Levels/Minimal_Default.Minimal_Default:PersistentLevel' has LevelScriptBlueprint '/Game/Levels/Minimal_Default.Minimal_Default:PersistentLevel.Minimal_Default' with GeneratedClass '/Game/Levels/Minimal_Default.Minimal_Default_C' with ClassGeneratedBy '/Game/Levels/Minimal_Default.Minimal_Default:PersistentLevel.Minimal_Default'
[2019.03.14-22.53.02:939][458]LogBlueprintUserMessages: Late EndPlayMap Detection: Level '/Game/Levels/Minimal_Default.Minimal_Default:PersistentLevel' has LevelScriptBlueprint '/Game/Levels/Minimal_Default.Minimal_Default:PersistentLevel.Minimal_Default' with GeneratedClass '/Game/Levels/Minimal_Default.Minimal_Default_C' with ClassGeneratedBy '/Game/Levels/Minimal_Default.Minimal_Default:PersistentLevel.Minimal_Default'
[2019.03.14-22.53.11:546][606]LogContentBrowser: Native class hierarchy updated for 'BlueprintGraph' in 0.0011 seconds. Added 111 classes and 0 folders.
[2019.03.14-22.54.31:375][ 54]LogD3D11RHI: Timed out while waiting for GPU to catch up. (0.5 s)
[2019.03.14-22.54.31:378][ 54]LogD3D11RHI:Error: Result failed 
 at D:\Build\++UE4+Release-4.14+Compile\Sync\Engine\Source\Runtime\Windows\D3D11RHI\Private\D3D11Query.cpp:134 
 with error DXGI_ERROR_DEVICE_REMOVED DXGI_ERROR_DEVICE_HUNG
[2019.03.14-22.54.31:380][ 54]LogWindows: Windows GetLastError: The operation completed successfully. (0)
[2019.03.14-22.54.32:154][ 54]LogCrashTracker: 


[2019.03.14-22.54.32:157][ 54]LogWindows: Windows GetLastError: The operation completed successfully. (0)
[2019.03.14-22.54.32:157][ 54]LogCrashTracker: 


[2019.03.14-22.54.32:157][ 54]LogWindows:Error: === Critical error: ===
[2019.03.14-22.54.32:157][ 54]LogWindows:Error: 
[2019.03.14-22.54.32:157][ 54]LogWindows:Error: Fatal error: [File:D:\Build\++UE4+Release-4.14+Compile\Sync\Engine\Source\Runtime\RenderCore\Private\RenderingThread.cpp] [Line: 791] 
[2019.03.14-22.54.32:157][ 54]LogWindows:Error: Rendering thread exception:
[2019.03.14-22.54.32:157][ 54]LogWindows:Error: Fatal error: [File:D:\Build\++UE4+Release-4.14+Compile\Sync\Engine\Source\Runtime\Windows\D3D11RHI\Private\D3D11Util.cpp] [Line: 176] 
[2019.03.14-22.54.32:157][ 54]LogWindows:Error: Unreal Engine is exiting due to D3D device being lost. (Error: 0x887A0006 - 'HUNG')
[2019.03.14-22.54.32:157][ 54]LogWindows:Error: 
[2019.03.14-22.54.32:157][ 54]LogWindows:Error: 
[2019.03.14-22.54.32:157][ 54]LogWindows:Error: KERNELBASE.dll
[2019.03.14-22.54.32:157][ 54]LogWindows:Error: UE4Editor-Core.dll
[2019.03.14-22.54.32:157][ 54]LogWindows:Error: UE4Editor-Core.dll
[2019.03.14-22.54.32:157][ 54]LogWindows:Error: UE4Editor-Core.dll
[2019.03.14-22.54.32:157][ 54]LogWindows:Error: UE4Editor-D3D11RHI.dll
[2019.03.14-22.54.32:157][ 54]LogWindows:Error: UE4Editor-D3D11RHI.dll
[2019.03.14-22.54.32:157][ 54]LogWindows:Error: UE4Editor-D3D11RHI.dll
[2019.03.14-22.54.32:157][ 54]LogWindows:Error: UE4Editor-D3D11RHI.dll
[2019.03.14-22.54.32:157][ 54]LogWindows:Error: UE4Editor-RHI.dll
[2019.03.14-22.54.32:157][ 54]LogWindows:Error: UE4Editor-SlateRHIRenderer.dll
[2019.03.14-22.54.32:157][ 54]LogWindows:Error: UE4Editor-SlateRHIRenderer.dll
[2019.03.14-22.54.32:157][ 54]LogWindows:Error: UE4Editor-Core.dll
[2019.03.14-22.54.32:157][ 54]LogWindows:Error: UE4Editor-Core.dll
[2019.03.14-22.54.32:157][ 54]LogWindows:Error: UE4Editor-RenderCore.dll
[2019.03.14-22.54.32:157][ 54]LogWindows:Error: UE4Editor-RenderCore.dll
[2019.03.14-22.54.32:157][ 54]LogWindows:Error: UE4Editor-Core.dll
[2019.03.14-22.54.32:157][ 54]LogWindows:Error: UE4Editor-Core.dll
[2019.03.14-22.54.32:157][ 54]LogWindows:Error: KERNEL32.DLL
[2019.03.14-22.54.32:157][ 54]LogWindows:Error: ntdll.dll
[2019.03.14-22.54.32:157][ 54]LogWindows:Error: ntdll.dll
[2019.03.14-22.54.32:157][ 54]LogWindows:Error: 
[2019.03.14-22.54.32:157][ 54]LogWindows:Error: 
[2019.03.14-22.54.32:157][ 54]LogWindows:Error: 
[2019.03.14-22.54.32:157][ 54]LogWindows:Error: 
[2019.03.14-22.54.32:196][ 54]LogExit: Executing StaticShutdownAfterError
[2019.03.14-22.54.32:199][ 54]LogWindows: FPlatformMisc::RequestExit(1)
[2019.03.14-22.54.32:199][ 54]Log file closed, 03/14/19 15:54:32
